mode: atomic
github.com/Lelo88/EjercicioGoDb2/pkg/store/jsonStore.go:16.62,19.16 3 0
github.com/Lelo88/EjercicioGoDb2/pkg/store/jsonStore.go:22.2,23.16 2 0
github.com/Lelo88/EjercicioGoDb2/pkg/store/jsonStore.go:26.2,26.22 1 0
github.com/Lelo88/EjercicioGoDb2/pkg/store/jsonStore.go:19.16,21.3 1 0
github.com/Lelo88/EjercicioGoDb2/pkg/store/jsonStore.go:23.16,25.3 1 0
github.com/Lelo88/EjercicioGoDb2/pkg/store/jsonStore.go:30.67,32.16 2 0
github.com/Lelo88/EjercicioGoDb2/pkg/store/jsonStore.go:35.2,35.48 1 0
github.com/Lelo88/EjercicioGoDb2/pkg/store/jsonStore.go:32.16,34.3 1 0
github.com/Lelo88/EjercicioGoDb2/pkg/store/jsonStore.go:39.47,41.16 2 0
github.com/Lelo88/EjercicioGoDb2/pkg/store/jsonStore.go:44.2,46.3 1 0
github.com/Lelo88/EjercicioGoDb2/pkg/store/jsonStore.go:41.16,42.13 1 0
github.com/Lelo88/EjercicioGoDb2/pkg/store/jsonStore.go:49.58,51.16 2 0
github.com/Lelo88/EjercicioGoDb2/pkg/store/jsonStore.go:54.2,54.35 1 0
github.com/Lelo88/EjercicioGoDb2/pkg/store/jsonStore.go:59.2,59.58 1 0
github.com/Lelo88/EjercicioGoDb2/pkg/store/jsonStore.go:51.16,53.3 1 0
github.com/Lelo88/EjercicioGoDb2/pkg/store/jsonStore.go:54.35,55.23 1 0
github.com/Lelo88/EjercicioGoDb2/pkg/store/jsonStore.go:55.23,57.4 1 0
github.com/Lelo88/EjercicioGoDb2/pkg/store/jsonStore.go:62.58,64.16 2 0
github.com/Lelo88/EjercicioGoDb2/pkg/store/jsonStore.go:67.2,69.33 3 0
github.com/Lelo88/EjercicioGoDb2/pkg/store/jsonStore.go:64.16,66.3 1 0
github.com/Lelo88/EjercicioGoDb2/pkg/store/jsonStore.go:72.58,74.16 2 0
github.com/Lelo88/EjercicioGoDb2/pkg/store/jsonStore.go:77.2,77.29 1 0
github.com/Lelo88/EjercicioGoDb2/pkg/store/jsonStore.go:83.2,83.40 1 0
github.com/Lelo88/EjercicioGoDb2/pkg/store/jsonStore.go:74.16,76.3 1 0
github.com/Lelo88/EjercicioGoDb2/pkg/store/jsonStore.go:77.29,78.25 1 0
github.com/Lelo88/EjercicioGoDb2/pkg/store/jsonStore.go:78.25,81.4 2 0
github.com/Lelo88/EjercicioGoDb2/pkg/store/jsonStore.go:86.42,88.16 2 0
github.com/Lelo88/EjercicioGoDb2/pkg/store/jsonStore.go:91.2,91.29 1 0
github.com/Lelo88/EjercicioGoDb2/pkg/store/jsonStore.go:97.2,97.40 1 0
github.com/Lelo88/EjercicioGoDb2/pkg/store/jsonStore.go:88.16,90.3 1 0
github.com/Lelo88/EjercicioGoDb2/pkg/store/jsonStore.go:91.29,92.17 1 0
github.com/Lelo88/EjercicioGoDb2/pkg/store/jsonStore.go:92.17,95.4 2 0
github.com/Lelo88/EjercicioGoDb2/pkg/store/jsonStore.go:100.51,102.16 2 0
github.com/Lelo88/EjercicioGoDb2/pkg/store/jsonStore.go:105.2,105.29 1 0
github.com/Lelo88/EjercicioGoDb2/pkg/store/jsonStore.go:110.2,110.14 1 0
github.com/Lelo88/EjercicioGoDb2/pkg/store/jsonStore.go:102.16,104.3 1 0
github.com/Lelo88/EjercicioGoDb2/pkg/store/jsonStore.go:105.29,106.31 1 0
github.com/Lelo88/EjercicioGoDb2/pkg/store/jsonStore.go:106.31,108.4 1 0
github.com/Lelo88/EjercicioGoDb2/internal/product/service.go:21.39,23.2 1 0
github.com/Lelo88/EjercicioGoDb2/internal/product/service.go:25.59,27.16 2 0
github.com/Lelo88/EjercicioGoDb2/internal/product/service.go:30.2,30.15 1 0
github.com/Lelo88/EjercicioGoDb2/internal/product/service.go:27.16,29.3 1 0
github.com/Lelo88/EjercicioGoDb2/internal/product/service.go:33.68,35.16 2 0
github.com/Lelo88/EjercicioGoDb2/internal/product/service.go:38.2,38.15 1 0
github.com/Lelo88/EjercicioGoDb2/internal/product/service.go:35.16,37.3 1 0
github.com/Lelo88/EjercicioGoDb2/internal/product/service.go:40.76,42.16 2 0
github.com/Lelo88/EjercicioGoDb2/internal/product/service.go:45.2,45.18 1 0
github.com/Lelo88/EjercicioGoDb2/internal/product/service.go:48.2,48.23 1 0
github.com/Lelo88/EjercicioGoDb2/internal/product/service.go:51.2,51.24 1 0
github.com/Lelo88/EjercicioGoDb2/internal/product/service.go:54.2,54.20 1 0
github.com/Lelo88/EjercicioGoDb2/internal/product/service.go:57.2,57.17 1 0
github.com/Lelo88/EjercicioGoDb2/internal/product/service.go:60.2,61.16 2 0
github.com/Lelo88/EjercicioGoDb2/internal/product/service.go:64.2,64.15 1 0
github.com/Lelo88/EjercicioGoDb2/internal/product/service.go:42.16,44.3 1 0
github.com/Lelo88/EjercicioGoDb2/internal/product/service.go:45.18,47.3 1 0
github.com/Lelo88/EjercicioGoDb2/internal/product/service.go:48.23,50.3 1 0
github.com/Lelo88/EjercicioGoDb2/internal/product/service.go:51.24,53.3 1 0
github.com/Lelo88/EjercicioGoDb2/internal/product/service.go:54.20,56.3 1 0
github.com/Lelo88/EjercicioGoDb2/internal/product/service.go:57.17,59.3 1 0
github.com/Lelo88/EjercicioGoDb2/internal/product/service.go:61.16,63.3 1 0
github.com/Lelo88/EjercicioGoDb2/internal/product/service.go:67.40,69.16 2 0
github.com/Lelo88/EjercicioGoDb2/internal/product/service.go:72.2,72.12 1 0
github.com/Lelo88/EjercicioGoDb2/internal/product/service.go:69.16,71.3 1 0
github.com/Lelo88/EjercicioGoDb2/internal/productSQL/repository.go:25.46,29.2 1 0
github.com/Lelo88/EjercicioGoDb2/internal/productSQL/repository.go:31.65,37.16 3 0
github.com/Lelo88/EjercicioGoDb2/internal/productSQL/repository.go:41.2,51.16 3 0
github.com/Lelo88/EjercicioGoDb2/internal/productSQL/repository.go:67.2,69.37 2 0
github.com/Lelo88/EjercicioGoDb2/internal/productSQL/repository.go:73.2,74.16 2 0
github.com/Lelo88/EjercicioGoDb2/internal/productSQL/repository.go:78.2,80.8 2 0
github.com/Lelo88/EjercicioGoDb2/internal/productSQL/repository.go:37.16,39.3 1 0
github.com/Lelo88/EjercicioGoDb2/internal/productSQL/repository.go:51.16,53.10 2 0
github.com/Lelo88/EjercicioGoDb2/internal/productSQL/repository.go:58.3,58.27 1 0
github.com/Lelo88/EjercicioGoDb2/internal/productSQL/repository.go:64.3,64.13 1 0
github.com/Lelo88/EjercicioGoDb2/internal/productSQL/repository.go:53.10,56.4 2 0
github.com/Lelo88/EjercicioGoDb2/internal/productSQL/repository.go:59.13,60.40 1 0
github.com/Lelo88/EjercicioGoDb2/internal/productSQL/repository.go:61.11,62.38 1 0
github.com/Lelo88/EjercicioGoDb2/internal/productSQL/repository.go:69.37,71.3 1 0
github.com/Lelo88/EjercicioGoDb2/internal/productSQL/repository.go:74.16,76.3 1 0
github.com/Lelo88/EjercicioGoDb2/internal/productSQL/repository.go:83.53,90.2 4 0
github.com/Lelo88/EjercicioGoDb2/internal/productSQL/repository.go:92.59,107.16 5 0
github.com/Lelo88/EjercicioGoDb2/internal/productSQL/repository.go:118.2,118.21 1 0
github.com/Lelo88/EjercicioGoDb2/internal/productSQL/repository.go:107.16,109.14 1 0
github.com/Lelo88/EjercicioGoDb2/internal/productSQL/repository.go:110.22,111.40 1 0
github.com/Lelo88/EjercicioGoDb2/internal/productSQL/repository.go:112.11,113.40 1 0
github.com/Lelo88/EjercicioGoDb2/internal/productSQL/repository.go:121.59,125.16 3 0
github.com/Lelo88/EjercicioGoDb2/internal/productSQL/repository.go:129.2,137.16 2 0
github.com/Lelo88/EjercicioGoDb2/internal/productSQL/repository.go:141.2,142.16 2 0
github.com/Lelo88/EjercicioGoDb2/internal/productSQL/repository.go:146.2,146.23 1 0
github.com/Lelo88/EjercicioGoDb2/internal/productSQL/repository.go:150.2,150.12 1 0
github.com/Lelo88/EjercicioGoDb2/internal/productSQL/repository.go:125.16,127.3 1 0
github.com/Lelo88/EjercicioGoDb2/internal/productSQL/repository.go:137.16,139.3 1 0
github.com/Lelo88/EjercicioGoDb2/internal/productSQL/repository.go:142.16,144.3 1 0
github.com/Lelo88/EjercicioGoDb2/internal/productSQL/repository.go:146.23,148.3 1 0
github.com/Lelo88/EjercicioGoDb2/internal/productSQL/repository.go:153.58,157.16 3 0
github.com/Lelo88/EjercicioGoDb2/internal/productSQL/repository.go:161.2,163.18 2 0
github.com/Lelo88/EjercicioGoDb2/internal/productSQL/repository.go:175.2,175.22 1 0
github.com/Lelo88/EjercicioGoDb2/internal/productSQL/repository.go:157.16,159.3 1 0
github.com/Lelo88/EjercicioGoDb2/internal/productSQL/repository.go:163.18,169.17 3 0
github.com/Lelo88/EjercicioGoDb2/internal/productSQL/repository.go:172.3,172.36 1 0
github.com/Lelo88/EjercicioGoDb2/internal/productSQL/repository.go:169.17,171.4 1 0
github.com/Lelo88/EjercicioGoDb2/internal/productSQL/repository.go:178.43,182.16 3 0
github.com/Lelo88/EjercicioGoDb2/internal/productSQL/repository.go:186.2,187.16 2 0
github.com/Lelo88/EjercicioGoDb2/internal/productSQL/repository.go:191.2,193.16 2 0
github.com/Lelo88/EjercicioGoDb2/internal/productSQL/repository.go:197.2,197.16 1 0
github.com/Lelo88/EjercicioGoDb2/internal/productSQL/repository.go:201.2,201.12 1 0
github.com/Lelo88/EjercicioGoDb2/internal/productSQL/repository.go:182.16,184.3 1 0
github.com/Lelo88/EjercicioGoDb2/internal/productSQL/repository.go:187.16,189.3 1 0
github.com/Lelo88/EjercicioGoDb2/internal/productSQL/repository.go:193.16,195.3 1 0
github.com/Lelo88/EjercicioGoDb2/internal/productSQL/repository.go:197.16,199.3 1 0
github.com/Lelo88/EjercicioGoDb2/internal/productSQL/service.go:29.42,33.2 1 0
github.com/Lelo88/EjercicioGoDb2/internal/productSQL/service.go:35.68,37.29 1 0
github.com/Lelo88/EjercicioGoDb2/internal/productSQL/service.go:41.2,42.16 2 0
github.com/Lelo88/EjercicioGoDb2/internal/productSQL/service.go:46.2,46.15 1 0
github.com/Lelo88/EjercicioGoDb2/internal/productSQL/service.go:37.29,39.3 1 0
github.com/Lelo88/EjercicioGoDb2/internal/productSQL/service.go:42.16,44.3 1 0
github.com/Lelo88/EjercicioGoDb2/internal/productSQL/service.go:50.59,52.16 2 0
github.com/Lelo88/EjercicioGoDb2/internal/productSQL/service.go:55.2,55.15 1 0
github.com/Lelo88/EjercicioGoDb2/internal/productSQL/service.go:52.16,54.3 1 0
github.com/Lelo88/EjercicioGoDb2/internal/productSQL/service.go:59.58,63.65 2 0
github.com/Lelo88/EjercicioGoDb2/internal/productSQL/service.go:67.2,67.18 1 0
github.com/Lelo88/EjercicioGoDb2/internal/productSQL/service.go:70.2,70.23 1 0
github.com/Lelo88/EjercicioGoDb2/internal/productSQL/service.go:73.2,73.24 1 0
github.com/Lelo88/EjercicioGoDb2/internal/productSQL/service.go:76.2,76.20 1 0
github.com/Lelo88/EjercicioGoDb2/internal/productSQL/service.go:79.2,79.17 1 0
github.com/Lelo88/EjercicioGoDb2/internal/productSQL/service.go:83.2,85.16 2 0
github.com/Lelo88/EjercicioGoDb2/internal/productSQL/service.go:89.2,89.12 1 0
github.com/Lelo88/EjercicioGoDb2/internal/productSQL/service.go:63.65,65.3 1 0
github.com/Lelo88/EjercicioGoDb2/internal/productSQL/service.go:67.18,69.3 1 0
github.com/Lelo88/EjercicioGoDb2/internal/productSQL/service.go:70.23,72.3 1 0
github.com/Lelo88/EjercicioGoDb2/internal/productSQL/service.go:73.24,75.3 1 0
github.com/Lelo88/EjercicioGoDb2/internal/productSQL/service.go:76.20,78.3 1 0
github.com/Lelo88/EjercicioGoDb2/internal/productSQL/service.go:79.17,81.3 1 0
github.com/Lelo88/EjercicioGoDb2/internal/productSQL/service.go:85.16,87.3 1 0
github.com/Lelo88/EjercicioGoDb2/internal/productSQL/service.go:92.54,95.16 2 0
github.com/Lelo88/EjercicioGoDb2/internal/productSQL/service.go:99.2,99.22 1 0
github.com/Lelo88/EjercicioGoDb2/internal/productSQL/service.go:95.16,97.3 1 0
github.com/Lelo88/EjercicioGoDb2/internal/productSQL/service.go:102.40,106.13 2 0
github.com/Lelo88/EjercicioGoDb2/internal/productSQL/service.go:113.2,113.12 1 0
github.com/Lelo88/EjercicioGoDb2/internal/productSQL/service.go:107.19,108.21 1 0
github.com/Lelo88/EjercicioGoDb2/internal/productSQL/service.go:109.27,110.29 1 0
github.com/Lelo88/EjercicioGoDb2/cmd/server/main.go:14.13,32.15 3 0
github.com/Lelo88/EjercicioGoDb2/cmd/server/main.go:37.2,43.38 5 0
github.com/Lelo88/EjercicioGoDb2/cmd/server/main.go:44.2,45.2 2 0
github.com/Lelo88/EjercicioGoDb2/cmd/server/main.go:54.2,54.16 1 0
github.com/Lelo88/EjercicioGoDb2/cmd/server/main.go:32.15,33.21 1 0
github.com/Lelo88/EjercicioGoDb2/cmd/server/main.go:43.38,43.63 1 0
github.com/Lelo88/EjercicioGoDb2/cmd/server/main.go:45.2,52.3 5 0
github.com/Lelo88/EjercicioGoDb2/cmd/server/handler/product.go:20.59,24.2 1 0
github.com/Lelo88/EjercicioGoDb2/cmd/server/handler/product.go:27.52,28.30 1 0
github.com/Lelo88/EjercicioGoDb2/cmd/server/handler/product.go:28.30,31.17 3 0
github.com/Lelo88/EjercicioGoDb2/cmd/server/handler/product.go:35.3,36.17 2 0
github.com/Lelo88/EjercicioGoDb2/cmd/server/handler/product.go:40.3,40.31 1 0
github.com/Lelo88/EjercicioGoDb2/cmd/server/handler/product.go:31.17,34.4 2 0
github.com/Lelo88/EjercicioGoDb2/cmd/server/handler/product.go:36.17,39.4 2 0
github.com/Lelo88/EjercicioGoDb2/cmd/server/handler/product.go:45.60,46.9 1 0
github.com/Lelo88/EjercicioGoDb2/cmd/server/handler/product.go:57.2,57.18 1 0
github.com/Lelo88/EjercicioGoDb2/cmd/server/handler/product.go:47.81,48.52 1 0
github.com/Lelo88/EjercicioGoDb2/cmd/server/handler/product.go:49.51,50.28 1 0
github.com/Lelo88/EjercicioGoDb2/cmd/server/handler/product.go:53.3,53.25 1 0
github.com/Lelo88/EjercicioGoDb2/cmd/server/handler/product.go:50.28,52.4 1 0
github.com/Lelo88/EjercicioGoDb2/cmd/server/handler/product.go:53.25,55.4 1 0
github.com/Lelo88/EjercicioGoDb2/cmd/server/handler/product.go:61.51,64.21 3 0
github.com/Lelo88/EjercicioGoDb2/cmd/server/handler/product.go:67.2,67.27 1 0
github.com/Lelo88/EjercicioGoDb2/cmd/server/handler/product.go:74.2,75.15 2 0
github.com/Lelo88/EjercicioGoDb2/cmd/server/handler/product.go:78.2,78.18 1 0
github.com/Lelo88/EjercicioGoDb2/cmd/server/handler/product.go:64.21,66.3 1 0
github.com/Lelo88/EjercicioGoDb2/cmd/server/handler/product.go:67.27,69.17 2 0
github.com/Lelo88/EjercicioGoDb2/cmd/server/handler/product.go:72.3,72.30 1 0
github.com/Lelo88/EjercicioGoDb2/cmd/server/handler/product.go:69.17,71.4 1 0
github.com/Lelo88/EjercicioGoDb2/cmd/server/handler/product.go:75.15,77.3 1 0
github.com/Lelo88/EjercicioGoDb2/cmd/server/handler/product.go:82.49,83.30 1 0
github.com/Lelo88/EjercicioGoDb2/cmd/server/handler/product.go:83.30,86.18 3 0
github.com/Lelo88/EjercicioGoDb2/cmd/server/handler/product.go:90.3,90.34 1 0
github.com/Lelo88/EjercicioGoDb2/cmd/server/handler/product.go:94.3,95.17 2 0
github.com/Lelo88/EjercicioGoDb2/cmd/server/handler/product.go:99.3,100.13 2 0
github.com/Lelo88/EjercicioGoDb2/cmd/server/handler/product.go:104.3,105.13 2 0
github.com/Lelo88/EjercicioGoDb2/cmd/server/handler/product.go:109.3,110.17 2 0
github.com/Lelo88/EjercicioGoDb2/cmd/server/handler/product.go:114.3,114.25 1 0
github.com/Lelo88/EjercicioGoDb2/cmd/server/handler/product.go:86.18,89.4 2 0
github.com/Lelo88/EjercicioGoDb2/cmd/server/handler/product.go:90.34,93.4 2 0
github.com/Lelo88/EjercicioGoDb2/cmd/server/handler/product.go:95.17,98.4 2 0
github.com/Lelo88/EjercicioGoDb2/cmd/server/handler/product.go:100.13,103.4 2 0
github.com/Lelo88/EjercicioGoDb2/cmd/server/handler/product.go:105.13,108.4 2 0
github.com/Lelo88/EjercicioGoDb2/cmd/server/handler/product.go:110.17,113.4 2 0
github.com/Lelo88/EjercicioGoDb2/cmd/server/handler/product.go:119.51,120.30 1 0
github.com/Lelo88/EjercicioGoDb2/cmd/server/handler/product.go:120.30,122.18 2 0
github.com/Lelo88/EjercicioGoDb2/cmd/server/handler/product.go:126.3,126.34 1 0
github.com/Lelo88/EjercicioGoDb2/cmd/server/handler/product.go:130.3,132.17 3 0
github.com/Lelo88/EjercicioGoDb2/cmd/server/handler/product.go:136.3,137.17 2 0
github.com/Lelo88/EjercicioGoDb2/cmd/server/handler/product.go:141.3,141.27 1 0
github.com/Lelo88/EjercicioGoDb2/cmd/server/handler/product.go:122.18,125.4 2 0
github.com/Lelo88/EjercicioGoDb2/cmd/server/handler/product.go:126.34,129.4 2 0
github.com/Lelo88/EjercicioGoDb2/cmd/server/handler/product.go:132.17,135.4 2 0
github.com/Lelo88/EjercicioGoDb2/cmd/server/handler/product.go:137.17,140.4 2 0
github.com/Lelo88/EjercicioGoDb2/cmd/server/handler/product.go:146.48,147.30 1 0
github.com/Lelo88/EjercicioGoDb2/cmd/server/handler/product.go:147.30,149.18 2 0
github.com/Lelo88/EjercicioGoDb2/cmd/server/handler/product.go:153.3,153.34 1 0
github.com/Lelo88/EjercicioGoDb2/cmd/server/handler/product.go:157.3,159.17 3 0
github.com/Lelo88/EjercicioGoDb2/cmd/server/handler/product.go:163.3,164.17 2 0
github.com/Lelo88/EjercicioGoDb2/cmd/server/handler/product.go:168.3,168.17 1 0
github.com/Lelo88/EjercicioGoDb2/cmd/server/handler/product.go:172.3,174.17 3 0
github.com/Lelo88/EjercicioGoDb2/cmd/server/handler/product.go:178.3,179.13 2 0
github.com/Lelo88/EjercicioGoDb2/cmd/server/handler/product.go:183.3,184.13 2 0
github.com/Lelo88/EjercicioGoDb2/cmd/server/handler/product.go:188.3,189.17 2 0
github.com/Lelo88/EjercicioGoDb2/cmd/server/handler/product.go:193.3,193.25 1 0
github.com/Lelo88/EjercicioGoDb2/cmd/server/handler/product.go:149.18,152.4 2 0
github.com/Lelo88/EjercicioGoDb2/cmd/server/handler/product.go:153.34,156.4 2 0
github.com/Lelo88/EjercicioGoDb2/cmd/server/handler/product.go:159.17,162.4 2 0
github.com/Lelo88/EjercicioGoDb2/cmd/server/handler/product.go:164.17,167.4 2 0
github.com/Lelo88/EjercicioGoDb2/cmd/server/handler/product.go:168.17,171.4 2 0
github.com/Lelo88/EjercicioGoDb2/cmd/server/handler/product.go:174.17,177.4 2 0
github.com/Lelo88/EjercicioGoDb2/cmd/server/handler/product.go:179.13,182.4 2 0
github.com/Lelo88/EjercicioGoDb2/cmd/server/handler/product.go:184.13,187.4 2 0
github.com/Lelo88/EjercicioGoDb2/cmd/server/handler/product.go:189.17,192.4 2 0
github.com/Lelo88/EjercicioGoDb2/cmd/server/handler/product.go:198.50,207.30 2 0
github.com/Lelo88/EjercicioGoDb2/cmd/server/handler/product.go:207.30,209.18 2 0
github.com/Lelo88/EjercicioGoDb2/cmd/server/handler/product.go:213.3,213.34 1 0
github.com/Lelo88/EjercicioGoDb2/cmd/server/handler/product.go:217.3,220.17 4 0
github.com/Lelo88/EjercicioGoDb2/cmd/server/handler/product.go:224.3,225.17 2 0
github.com/Lelo88/EjercicioGoDb2/cmd/server/handler/product.go:229.3,229.46 1 0
github.com/Lelo88/EjercicioGoDb2/cmd/server/handler/product.go:233.3,241.30 2 0
github.com/Lelo88/EjercicioGoDb2/cmd/server/handler/product.go:248.3,249.17 2 0
github.com/Lelo88/EjercicioGoDb2/cmd/server/handler/product.go:253.3,253.25 1 0
github.com/Lelo88/EjercicioGoDb2/cmd/server/handler/product.go:209.18,212.4 2 0
github.com/Lelo88/EjercicioGoDb2/cmd/server/handler/product.go:213.34,216.4 2 0
github.com/Lelo88/EjercicioGoDb2/cmd/server/handler/product.go:220.17,223.4 2 0
github.com/Lelo88/EjercicioGoDb2/cmd/server/handler/product.go:225.17,228.4 2 0
github.com/Lelo88/EjercicioGoDb2/cmd/server/handler/product.go:229.46,232.4 2 0
github.com/Lelo88/EjercicioGoDb2/cmd/server/handler/product.go:241.30,243.14 2 0
github.com/Lelo88/EjercicioGoDb2/cmd/server/handler/product.go:243.14,246.5 2 0
github.com/Lelo88/EjercicioGoDb2/cmd/server/handler/product.go:249.17,252.4 2 0
github.com/Lelo88/EjercicioGoDb2/cmd/server/handler/productSQL.go:18.68,22.2 1 0
github.com/Lelo88/EjercicioGoDb2/cmd/server/handler/productSQL.go:24.58,25.30 1 0
github.com/Lelo88/EjercicioGoDb2/cmd/server/handler/productSQL.go:25.30,28.17 3 0
github.com/Lelo88/EjercicioGoDb2/cmd/server/handler/productSQL.go:32.3,33.17 2 0
github.com/Lelo88/EjercicioGoDb2/cmd/server/handler/productSQL.go:37.3,37.31 1 0
github.com/Lelo88/EjercicioGoDb2/cmd/server/handler/productSQL.go:28.17,31.4 2 0
github.com/Lelo88/EjercicioGoDb2/cmd/server/handler/productSQL.go:33.17,36.4 2 0
github.com/Lelo88/EjercicioGoDb2/cmd/server/handler/productSQL.go:41.57,42.32 1 0
github.com/Lelo88/EjercicioGoDb2/cmd/server/handler/productSQL.go:42.32,44.16 2 0
github.com/Lelo88/EjercicioGoDb2/cmd/server/handler/productSQL.go:48.3,48.44 1 0
github.com/Lelo88/EjercicioGoDb2/cmd/server/handler/productSQL.go:44.16,47.4 2 0
github.com/Lelo88/EjercicioGoDb2/cmd/server/handler/productSQL.go:52.54,53.32 1 0
github.com/Lelo88/EjercicioGoDb2/cmd/server/handler/productSQL.go:53.32,57.17 3 0
github.com/Lelo88/EjercicioGoDb2/cmd/server/handler/productSQL.go:62.3,63.17 2 0
github.com/Lelo88/EjercicioGoDb2/cmd/server/handler/productSQL.go:67.3,67.27 1 0
github.com/Lelo88/EjercicioGoDb2/cmd/server/handler/productSQL.go:57.17,60.4 2 0
github.com/Lelo88/EjercicioGoDb2/cmd/server/handler/productSQL.go:63.17,66.4 2 0
github.com/Lelo88/EjercicioGoDb2/cmd/server/handler/productSQL.go:71.54,72.32 1 0
github.com/Lelo88/EjercicioGoDb2/cmd/server/handler/productSQL.go:72.32,76.17 3 0
github.com/Lelo88/EjercicioGoDb2/cmd/server/handler/productSQL.go:81.3,82.17 2 0
github.com/Lelo88/EjercicioGoDb2/cmd/server/handler/productSQL.go:86.3,86.17 1 0
github.com/Lelo88/EjercicioGoDb2/cmd/server/handler/productSQL.go:90.3,92.17 3 0
github.com/Lelo88/EjercicioGoDb2/cmd/server/handler/productSQL.go:96.3,97.17 2 0
github.com/Lelo88/EjercicioGoDb2/cmd/server/handler/productSQL.go:101.3,102.33 2 0
github.com/Lelo88/EjercicioGoDb2/cmd/server/handler/productSQL.go:76.17,79.4 2 0
github.com/Lelo88/EjercicioGoDb2/cmd/server/handler/productSQL.go:82.17,85.4 2 0
github.com/Lelo88/EjercicioGoDb2/cmd/server/handler/productSQL.go:86.17,89.4 2 0
github.com/Lelo88/EjercicioGoDb2/cmd/server/handler/productSQL.go:92.17,95.4 2 0
github.com/Lelo88/EjercicioGoDb2/cmd/server/handler/productSQL.go:97.17,100.4 2 0
github.com/Lelo88/EjercicioGoDb2/cmd/server/handler/productSQL.go:106.56,107.32 1 0
github.com/Lelo88/EjercicioGoDb2/cmd/server/handler/productSQL.go:107.32,110.16 3 0
github.com/Lelo88/EjercicioGoDb2/cmd/server/handler/productSQL.go:115.3,116.16 2 0
github.com/Lelo88/EjercicioGoDb2/cmd/server/handler/productSQL.go:121.3,121.38 1 0
github.com/Lelo88/EjercicioGoDb2/cmd/server/handler/productSQL.go:110.16,113.4 2 0
github.com/Lelo88/EjercicioGoDb2/cmd/server/handler/productSQL.go:116.16,119.4 2 0
github.com/Lelo88/EjercicioGoDb2/internal/product/repository.go:26.61,28.2 1 0
github.com/Lelo88/EjercicioGoDb2/internal/product/repository.go:30.62,32.16 2 0
github.com/Lelo88/EjercicioGoDb2/internal/product/repository.go:35.2,35.21 1 0
github.com/Lelo88/EjercicioGoDb2/internal/product/repository.go:32.16,34.3 1 0
github.com/Lelo88/EjercicioGoDb2/internal/product/repository.go:39.71,40.36 1 0
github.com/Lelo88/EjercicioGoDb2/internal/product/repository.go:43.2,44.16 2 0
github.com/Lelo88/EjercicioGoDb2/internal/product/repository.go:47.2,47.15 1 0
github.com/Lelo88/EjercicioGoDb2/internal/product/repository.go:40.36,42.3 1 0
github.com/Lelo88/EjercicioGoDb2/internal/product/repository.go:44.16,46.3 1 0
github.com/Lelo88/EjercicioGoDb2/internal/product/repository.go:50.43,52.16 2 0
github.com/Lelo88/EjercicioGoDb2/internal/product/repository.go:55.2,55.12 1 0
github.com/Lelo88/EjercicioGoDb2/internal/product/repository.go:52.16,54.3 1 0
github.com/Lelo88/EjercicioGoDb2/internal/product/repository.go:58.79,59.36 1 0
github.com/Lelo88/EjercicioGoDb2/internal/product/repository.go:62.2,63.16 2 0
github.com/Lelo88/EjercicioGoDb2/internal/product/repository.go:66.2,66.15 1 0
github.com/Lelo88/EjercicioGoDb2/internal/product/repository.go:59.36,61.3 1 0
github.com/Lelo88/EjercicioGoDb2/internal/product/repository.go:63.16,65.3 1 0
github.com/Lelo88/EjercicioGoDb2/pkg/web/response.go:20.62,24.2 1 0
github.com/Lelo88/EjercicioGoDb2/pkg/web/response.go:27.55,33.2 1 0
github.com/Lelo88/EjercicioGoDb2/internal/productSQL/service.go:29.42,33.2 1 0
github.com/Lelo88/EjercicioGoDb2/internal/productSQL/service.go:35.68,37.29 1 0
github.com/Lelo88/EjercicioGoDb2/internal/productSQL/service.go:41.2,42.16 2 0
github.com/Lelo88/EjercicioGoDb2/internal/productSQL/service.go:46.2,46.15 1 0
github.com/Lelo88/EjercicioGoDb2/internal/productSQL/service.go:37.29,39.3 1 0
github.com/Lelo88/EjercicioGoDb2/internal/productSQL/service.go:42.16,44.3 1 0
github.com/Lelo88/EjercicioGoDb2/internal/productSQL/service.go:50.59,52.16 2 0
github.com/Lelo88/EjercicioGoDb2/internal/productSQL/service.go:55.2,55.15 1 0
github.com/Lelo88/EjercicioGoDb2/internal/productSQL/service.go:52.16,54.3 1 0
github.com/Lelo88/EjercicioGoDb2/internal/productSQL/service.go:59.58,63.65 2 0
github.com/Lelo88/EjercicioGoDb2/internal/productSQL/service.go:67.2,67.18 1 0
github.com/Lelo88/EjercicioGoDb2/internal/productSQL/service.go:70.2,70.23 1 0
github.com/Lelo88/EjercicioGoDb2/internal/productSQL/service.go:73.2,73.24 1 0
github.com/Lelo88/EjercicioGoDb2/internal/productSQL/service.go:76.2,76.20 1 0
github.com/Lelo88/EjercicioGoDb2/internal/productSQL/service.go:79.2,79.17 1 0
github.com/Lelo88/EjercicioGoDb2/internal/productSQL/service.go:83.2,85.16 2 0
github.com/Lelo88/EjercicioGoDb2/internal/productSQL/service.go:89.2,89.12 1 0
github.com/Lelo88/EjercicioGoDb2/internal/productSQL/service.go:63.65,65.3 1 0
github.com/Lelo88/EjercicioGoDb2/internal/productSQL/service.go:67.18,69.3 1 0
github.com/Lelo88/EjercicioGoDb2/internal/productSQL/service.go:70.23,72.3 1 0
github.com/Lelo88/EjercicioGoDb2/internal/productSQL/service.go:73.24,75.3 1 0
github.com/Lelo88/EjercicioGoDb2/internal/productSQL/service.go:76.20,78.3 1 0
github.com/Lelo88/EjercicioGoDb2/internal/productSQL/service.go:79.17,81.3 1 0
github.com/Lelo88/EjercicioGoDb2/internal/productSQL/service.go:85.16,87.3 1 0
github.com/Lelo88/EjercicioGoDb2/internal/productSQL/service.go:92.54,95.16 2 0
github.com/Lelo88/EjercicioGoDb2/internal/productSQL/service.go:99.2,99.22 1 0
github.com/Lelo88/EjercicioGoDb2/internal/productSQL/service.go:95.16,97.3 1 0
github.com/Lelo88/EjercicioGoDb2/internal/productSQL/service.go:102.40,106.13 2 0
github.com/Lelo88/EjercicioGoDb2/internal/productSQL/service.go:113.2,113.12 1 0
github.com/Lelo88/EjercicioGoDb2/internal/productSQL/service.go:107.19,108.21 1 0
github.com/Lelo88/EjercicioGoDb2/internal/productSQL/service.go:109.27,110.29 1 0
github.com/Lelo88/EjercicioGoDb2/pkg/web/response.go:20.62,24.2 1 0
github.com/Lelo88/EjercicioGoDb2/pkg/web/response.go:27.55,33.2 1 0
github.com/Lelo88/EjercicioGoDb2/cmd/server/handler/product.go:20.59,24.2 1 0
github.com/Lelo88/EjercicioGoDb2/cmd/server/handler/product.go:27.52,28.30 1 0
github.com/Lelo88/EjercicioGoDb2/cmd/server/handler/product.go:28.30,31.17 3 0
github.com/Lelo88/EjercicioGoDb2/cmd/server/handler/product.go:35.3,36.17 2 0
github.com/Lelo88/EjercicioGoDb2/cmd/server/handler/product.go:40.3,40.31 1 0
github.com/Lelo88/EjercicioGoDb2/cmd/server/handler/product.go:31.17,34.4 2 0
github.com/Lelo88/EjercicioGoDb2/cmd/server/handler/product.go:36.17,39.4 2 0
github.com/Lelo88/EjercicioGoDb2/cmd/server/handler/product.go:45.60,46.9 1 0
github.com/Lelo88/EjercicioGoDb2/cmd/server/handler/product.go:57.2,57.18 1 0
github.com/Lelo88/EjercicioGoDb2/cmd/server/handler/product.go:47.81,48.52 1 0
github.com/Lelo88/EjercicioGoDb2/cmd/server/handler/product.go:49.51,50.28 1 0
github.com/Lelo88/EjercicioGoDb2/cmd/server/handler/product.go:53.3,53.25 1 0
github.com/Lelo88/EjercicioGoDb2/cmd/server/handler/product.go:50.28,52.4 1 0
github.com/Lelo88/EjercicioGoDb2/cmd/server/handler/product.go:53.25,55.4 1 0
github.com/Lelo88/EjercicioGoDb2/cmd/server/handler/product.go:61.51,64.21 3 0
github.com/Lelo88/EjercicioGoDb2/cmd/server/handler/product.go:67.2,67.27 1 0
github.com/Lelo88/EjercicioGoDb2/cmd/server/handler/product.go:74.2,75.15 2 0
github.com/Lelo88/EjercicioGoDb2/cmd/server/handler/product.go:78.2,78.18 1 0
github.com/Lelo88/EjercicioGoDb2/cmd/server/handler/product.go:64.21,66.3 1 0
github.com/Lelo88/EjercicioGoDb2/cmd/server/handler/product.go:67.27,69.17 2 0
github.com/Lelo88/EjercicioGoDb2/cmd/server/handler/product.go:72.3,72.30 1 0
github.com/Lelo88/EjercicioGoDb2/cmd/server/handler/product.go:69.17,71.4 1 0
github.com/Lelo88/EjercicioGoDb2/cmd/server/handler/product.go:75.15,77.3 1 0
github.com/Lelo88/EjercicioGoDb2/cmd/server/handler/product.go:82.49,83.30 1 0
github.com/Lelo88/EjercicioGoDb2/cmd/server/handler/product.go:83.30,86.18 3 0
github.com/Lelo88/EjercicioGoDb2/cmd/server/handler/product.go:90.3,90.34 1 0
github.com/Lelo88/EjercicioGoDb2/cmd/server/handler/product.go:94.3,95.17 2 0
github.com/Lelo88/EjercicioGoDb2/cmd/server/handler/product.go:99.3,100.13 2 0
github.com/Lelo88/EjercicioGoDb2/cmd/server/handler/product.go:104.3,105.13 2 0
github.com/Lelo88/EjercicioGoDb2/cmd/server/handler/product.go:109.3,110.17 2 0
github.com/Lelo88/EjercicioGoDb2/cmd/server/handler/product.go:114.3,114.25 1 0
github.com/Lelo88/EjercicioGoDb2/cmd/server/handler/product.go:86.18,89.4 2 0
github.com/Lelo88/EjercicioGoDb2/cmd/server/handler/product.go:90.34,93.4 2 0
github.com/Lelo88/EjercicioGoDb2/cmd/server/handler/product.go:95.17,98.4 2 0
github.com/Lelo88/EjercicioGoDb2/cmd/server/handler/product.go:100.13,103.4 2 0
github.com/Lelo88/EjercicioGoDb2/cmd/server/handler/product.go:105.13,108.4 2 0
github.com/Lelo88/EjercicioGoDb2/cmd/server/handler/product.go:110.17,113.4 2 0
github.com/Lelo88/EjercicioGoDb2/cmd/server/handler/product.go:119.51,120.30 1 0
github.com/Lelo88/EjercicioGoDb2/cmd/server/handler/product.go:120.30,122.18 2 0
github.com/Lelo88/EjercicioGoDb2/cmd/server/handler/product.go:126.3,126.34 1 0
github.com/Lelo88/EjercicioGoDb2/cmd/server/handler/product.go:130.3,132.17 3 0
github.com/Lelo88/EjercicioGoDb2/cmd/server/handler/product.go:136.3,137.17 2 0
github.com/Lelo88/EjercicioGoDb2/cmd/server/handler/product.go:141.3,141.27 1 0
github.com/Lelo88/EjercicioGoDb2/cmd/server/handler/product.go:122.18,125.4 2 0
github.com/Lelo88/EjercicioGoDb2/cmd/server/handler/product.go:126.34,129.4 2 0
github.com/Lelo88/EjercicioGoDb2/cmd/server/handler/product.go:132.17,135.4 2 0
github.com/Lelo88/EjercicioGoDb2/cmd/server/handler/product.go:137.17,140.4 2 0
github.com/Lelo88/EjercicioGoDb2/cmd/server/handler/product.go:146.48,147.30 1 0
github.com/Lelo88/EjercicioGoDb2/cmd/server/handler/product.go:147.30,149.18 2 0
github.com/Lelo88/EjercicioGoDb2/cmd/server/handler/product.go:153.3,153.34 1 0
github.com/Lelo88/EjercicioGoDb2/cmd/server/handler/product.go:157.3,159.17 3 0
github.com/Lelo88/EjercicioGoDb2/cmd/server/handler/product.go:163.3,164.17 2 0
github.com/Lelo88/EjercicioGoDb2/cmd/server/handler/product.go:168.3,168.17 1 0
github.com/Lelo88/EjercicioGoDb2/cmd/server/handler/product.go:172.3,174.17 3 0
github.com/Lelo88/EjercicioGoDb2/cmd/server/handler/product.go:178.3,179.13 2 0
github.com/Lelo88/EjercicioGoDb2/cmd/server/handler/product.go:183.3,184.13 2 0
github.com/Lelo88/EjercicioGoDb2/cmd/server/handler/product.go:188.3,189.17 2 0
github.com/Lelo88/EjercicioGoDb2/cmd/server/handler/product.go:193.3,193.25 1 0
github.com/Lelo88/EjercicioGoDb2/cmd/server/handler/product.go:149.18,152.4 2 0
github.com/Lelo88/EjercicioGoDb2/cmd/server/handler/product.go:153.34,156.4 2 0
github.com/Lelo88/EjercicioGoDb2/cmd/server/handler/product.go:159.17,162.4 2 0
github.com/Lelo88/EjercicioGoDb2/cmd/server/handler/product.go:164.17,167.4 2 0
github.com/Lelo88/EjercicioGoDb2/cmd/server/handler/product.go:168.17,171.4 2 0
github.com/Lelo88/EjercicioGoDb2/cmd/server/handler/product.go:174.17,177.4 2 0
github.com/Lelo88/EjercicioGoDb2/cmd/server/handler/product.go:179.13,182.4 2 0
github.com/Lelo88/EjercicioGoDb2/cmd/server/handler/product.go:184.13,187.4 2 0
github.com/Lelo88/EjercicioGoDb2/cmd/server/handler/product.go:189.17,192.4 2 0
github.com/Lelo88/EjercicioGoDb2/cmd/server/handler/product.go:198.50,207.30 2 0
github.com/Lelo88/EjercicioGoDb2/cmd/server/handler/product.go:207.30,209.18 2 0
github.com/Lelo88/EjercicioGoDb2/cmd/server/handler/product.go:213.3,213.34 1 0
github.com/Lelo88/EjercicioGoDb2/cmd/server/handler/product.go:217.3,220.17 4 0
github.com/Lelo88/EjercicioGoDb2/cmd/server/handler/product.go:224.3,225.17 2 0
github.com/Lelo88/EjercicioGoDb2/cmd/server/handler/product.go:229.3,229.46 1 0
github.com/Lelo88/EjercicioGoDb2/cmd/server/handler/product.go:233.3,241.30 2 0
github.com/Lelo88/EjercicioGoDb2/cmd/server/handler/product.go:248.3,249.17 2 0
github.com/Lelo88/EjercicioGoDb2/cmd/server/handler/product.go:253.3,253.25 1 0
github.com/Lelo88/EjercicioGoDb2/cmd/server/handler/product.go:209.18,212.4 2 0
github.com/Lelo88/EjercicioGoDb2/cmd/server/handler/product.go:213.34,216.4 2 0
github.com/Lelo88/EjercicioGoDb2/cmd/server/handler/product.go:220.17,223.4 2 0
github.com/Lelo88/EjercicioGoDb2/cmd/server/handler/product.go:225.17,228.4 2 0
github.com/Lelo88/EjercicioGoDb2/cmd/server/handler/product.go:229.46,232.4 2 0
github.com/Lelo88/EjercicioGoDb2/cmd/server/handler/product.go:241.30,243.14 2 0
github.com/Lelo88/EjercicioGoDb2/cmd/server/handler/product.go:243.14,246.5 2 0
github.com/Lelo88/EjercicioGoDb2/cmd/server/handler/product.go:249.17,252.4 2 0
github.com/Lelo88/EjercicioGoDb2/cmd/server/main.go:14.13,32.15 3 0
github.com/Lelo88/EjercicioGoDb2/cmd/server/main.go:37.2,43.38 5 0
github.com/Lelo88/EjercicioGoDb2/cmd/server/main.go:44.2,45.2 2 0
github.com/Lelo88/EjercicioGoDb2/cmd/server/main.go:54.2,54.16 1 0
github.com/Lelo88/EjercicioGoDb2/cmd/server/main.go:32.15,33.21 1 0
github.com/Lelo88/EjercicioGoDb2/cmd/server/main.go:43.38,43.63 1 0
github.com/Lelo88/EjercicioGoDb2/cmd/server/main.go:45.2,52.3 5 0
github.com/Lelo88/EjercicioGoDb2/internal/productSQL/repository.go:25.46,29.2 1 3
github.com/Lelo88/EjercicioGoDb2/internal/productSQL/repository.go:31.65,37.16 3 0
github.com/Lelo88/EjercicioGoDb2/internal/productSQL/repository.go:41.2,51.16 3 0
github.com/Lelo88/EjercicioGoDb2/internal/productSQL/repository.go:67.2,69.37 2 0
github.com/Lelo88/EjercicioGoDb2/internal/productSQL/repository.go:73.2,74.16 2 0
github.com/Lelo88/EjercicioGoDb2/internal/productSQL/repository.go:78.2,80.8 2 0
github.com/Lelo88/EjercicioGoDb2/internal/productSQL/repository.go:37.16,39.3 1 0
github.com/Lelo88/EjercicioGoDb2/internal/productSQL/repository.go:51.16,53.10 2 0
github.com/Lelo88/EjercicioGoDb2/internal/productSQL/repository.go:58.3,58.27 1 0
github.com/Lelo88/EjercicioGoDb2/internal/productSQL/repository.go:64.3,64.13 1 0
github.com/Lelo88/EjercicioGoDb2/internal/productSQL/repository.go:53.10,56.4 2 0
github.com/Lelo88/EjercicioGoDb2/internal/productSQL/repository.go:59.13,60.40 1 0
github.com/Lelo88/EjercicioGoDb2/internal/productSQL/repository.go:61.11,62.38 1 0
github.com/Lelo88/EjercicioGoDb2/internal/productSQL/repository.go:69.37,71.3 1 0
github.com/Lelo88/EjercicioGoDb2/internal/productSQL/repository.go:74.16,76.3 1 0
github.com/Lelo88/EjercicioGoDb2/internal/productSQL/repository.go:83.53,90.2 4 0
github.com/Lelo88/EjercicioGoDb2/internal/productSQL/repository.go:92.59,107.16 5 3
github.com/Lelo88/EjercicioGoDb2/internal/productSQL/repository.go:118.2,118.21 1 1
github.com/Lelo88/EjercicioGoDb2/internal/productSQL/repository.go:107.16,109.14 1 2
github.com/Lelo88/EjercicioGoDb2/internal/productSQL/repository.go:110.22,111.40 1 1
github.com/Lelo88/EjercicioGoDb2/internal/productSQL/repository.go:112.11,113.40 1 1
github.com/Lelo88/EjercicioGoDb2/internal/productSQL/repository.go:121.59,125.16 3 0
github.com/Lelo88/EjercicioGoDb2/internal/productSQL/repository.go:129.2,137.16 2 0
github.com/Lelo88/EjercicioGoDb2/internal/productSQL/repository.go:141.2,142.16 2 0
github.com/Lelo88/EjercicioGoDb2/internal/productSQL/repository.go:146.2,146.23 1 0
github.com/Lelo88/EjercicioGoDb2/internal/productSQL/repository.go:150.2,150.12 1 0
github.com/Lelo88/EjercicioGoDb2/internal/productSQL/repository.go:125.16,127.3 1 0
github.com/Lelo88/EjercicioGoDb2/internal/productSQL/repository.go:137.16,139.3 1 0
github.com/Lelo88/EjercicioGoDb2/internal/productSQL/repository.go:142.16,144.3 1 0
github.com/Lelo88/EjercicioGoDb2/internal/productSQL/repository.go:146.23,148.3 1 0
github.com/Lelo88/EjercicioGoDb2/internal/productSQL/repository.go:153.58,157.16 3 3
github.com/Lelo88/EjercicioGoDb2/internal/productSQL/repository.go:161.2,163.18 2 2
github.com/Lelo88/EjercicioGoDb2/internal/productSQL/repository.go:175.2,175.22 1 1
github.com/Lelo88/EjercicioGoDb2/internal/productSQL/repository.go:157.16,159.3 1 1
github.com/Lelo88/EjercicioGoDb2/internal/productSQL/repository.go:163.18,169.17 3 3
github.com/Lelo88/EjercicioGoDb2/internal/productSQL/repository.go:172.3,172.36 1 2
github.com/Lelo88/EjercicioGoDb2/internal/productSQL/repository.go:169.17,171.4 1 1
github.com/Lelo88/EjercicioGoDb2/internal/productSQL/repository.go:178.43,182.16 3 0
github.com/Lelo88/EjercicioGoDb2/internal/productSQL/repository.go:186.2,187.16 2 0
github.com/Lelo88/EjercicioGoDb2/internal/productSQL/repository.go:191.2,193.16 2 0
github.com/Lelo88/EjercicioGoDb2/internal/productSQL/repository.go:197.2,197.16 1 0
github.com/Lelo88/EjercicioGoDb2/internal/productSQL/repository.go:201.2,201.12 1 0
github.com/Lelo88/EjercicioGoDb2/internal/productSQL/repository.go:182.16,184.3 1 0
github.com/Lelo88/EjercicioGoDb2/internal/productSQL/repository.go:187.16,189.3 1 0
github.com/Lelo88/EjercicioGoDb2/internal/productSQL/repository.go:193.16,195.3 1 0
github.com/Lelo88/EjercicioGoDb2/internal/productSQL/repository.go:197.16,199.3 1 0
github.com/Lelo88/EjercicioGoDb2/pkg/store/jsonStore.go:16.62,19.16 3 0
github.com/Lelo88/EjercicioGoDb2/pkg/store/jsonStore.go:22.2,23.16 2 0
github.com/Lelo88/EjercicioGoDb2/pkg/store/jsonStore.go:26.2,26.22 1 0
github.com/Lelo88/EjercicioGoDb2/pkg/store/jsonStore.go:19.16,21.3 1 0
github.com/Lelo88/EjercicioGoDb2/pkg/store/jsonStore.go:23.16,25.3 1 0
github.com/Lelo88/EjercicioGoDb2/pkg/store/jsonStore.go:30.67,32.16 2 0
github.com/Lelo88/EjercicioGoDb2/pkg/store/jsonStore.go:35.2,35.48 1 0
github.com/Lelo88/EjercicioGoDb2/pkg/store/jsonStore.go:32.16,34.3 1 0
github.com/Lelo88/EjercicioGoDb2/pkg/store/jsonStore.go:39.47,41.16 2 0
github.com/Lelo88/EjercicioGoDb2/pkg/store/jsonStore.go:44.2,46.3 1 0
github.com/Lelo88/EjercicioGoDb2/pkg/store/jsonStore.go:41.16,42.13 1 0
github.com/Lelo88/EjercicioGoDb2/pkg/store/jsonStore.go:49.58,51.16 2 0
github.com/Lelo88/EjercicioGoDb2/pkg/store/jsonStore.go:54.2,54.35 1 0
github.com/Lelo88/EjercicioGoDb2/pkg/store/jsonStore.go:59.2,59.58 1 0
github.com/Lelo88/EjercicioGoDb2/pkg/store/jsonStore.go:51.16,53.3 1 0
github.com/Lelo88/EjercicioGoDb2/pkg/store/jsonStore.go:54.35,55.23 1 0
github.com/Lelo88/EjercicioGoDb2/pkg/store/jsonStore.go:55.23,57.4 1 0
github.com/Lelo88/EjercicioGoDb2/pkg/store/jsonStore.go:62.58,64.16 2 0
github.com/Lelo88/EjercicioGoDb2/pkg/store/jsonStore.go:67.2,69.33 3 0
github.com/Lelo88/EjercicioGoDb2/pkg/store/jsonStore.go:64.16,66.3 1 0
github.com/Lelo88/EjercicioGoDb2/pkg/store/jsonStore.go:72.58,74.16 2 0
github.com/Lelo88/EjercicioGoDb2/pkg/store/jsonStore.go:77.2,77.29 1 0
github.com/Lelo88/EjercicioGoDb2/pkg/store/jsonStore.go:83.2,83.40 1 0
github.com/Lelo88/EjercicioGoDb2/pkg/store/jsonStore.go:74.16,76.3 1 0
github.com/Lelo88/EjercicioGoDb2/pkg/store/jsonStore.go:77.29,78.25 1 0
github.com/Lelo88/EjercicioGoDb2/pkg/store/jsonStore.go:78.25,81.4 2 0
github.com/Lelo88/EjercicioGoDb2/pkg/store/jsonStore.go:86.42,88.16 2 0
github.com/Lelo88/EjercicioGoDb2/pkg/store/jsonStore.go:91.2,91.29 1 0
github.com/Lelo88/EjercicioGoDb2/pkg/store/jsonStore.go:97.2,97.40 1 0
github.com/Lelo88/EjercicioGoDb2/pkg/store/jsonStore.go:88.16,90.3 1 0
github.com/Lelo88/EjercicioGoDb2/pkg/store/jsonStore.go:91.29,92.17 1 0
github.com/Lelo88/EjercicioGoDb2/pkg/store/jsonStore.go:92.17,95.4 2 0
github.com/Lelo88/EjercicioGoDb2/pkg/store/jsonStore.go:100.51,102.16 2 0
github.com/Lelo88/EjercicioGoDb2/pkg/store/jsonStore.go:105.2,105.29 1 0
github.com/Lelo88/EjercicioGoDb2/pkg/store/jsonStore.go:110.2,110.14 1 0
github.com/Lelo88/EjercicioGoDb2/pkg/store/jsonStore.go:102.16,104.3 1 0
github.com/Lelo88/EjercicioGoDb2/pkg/store/jsonStore.go:105.29,106.31 1 0
github.com/Lelo88/EjercicioGoDb2/pkg/store/jsonStore.go:106.31,108.4 1 0
github.com/Lelo88/EjercicioGoDb2/internal/product/repository.go:26.61,28.2 1 0
github.com/Lelo88/EjercicioGoDb2/internal/product/repository.go:30.62,32.16 2 0
github.com/Lelo88/EjercicioGoDb2/internal/product/repository.go:35.2,35.21 1 0
github.com/Lelo88/EjercicioGoDb2/internal/product/repository.go:32.16,34.3 1 0
github.com/Lelo88/EjercicioGoDb2/internal/product/repository.go:39.71,40.36 1 0
github.com/Lelo88/EjercicioGoDb2/internal/product/repository.go:43.2,44.16 2 0
github.com/Lelo88/EjercicioGoDb2/internal/product/repository.go:47.2,47.15 1 0
github.com/Lelo88/EjercicioGoDb2/internal/product/repository.go:40.36,42.3 1 0
github.com/Lelo88/EjercicioGoDb2/internal/product/repository.go:44.16,46.3 1 0
github.com/Lelo88/EjercicioGoDb2/internal/product/repository.go:50.43,52.16 2 0
github.com/Lelo88/EjercicioGoDb2/internal/product/repository.go:55.2,55.12 1 0
github.com/Lelo88/EjercicioGoDb2/internal/product/repository.go:52.16,54.3 1 0
github.com/Lelo88/EjercicioGoDb2/internal/product/repository.go:58.79,59.36 1 0
github.com/Lelo88/EjercicioGoDb2/internal/product/repository.go:62.2,63.16 2 0
github.com/Lelo88/EjercicioGoDb2/internal/product/repository.go:66.2,66.15 1 0
github.com/Lelo88/EjercicioGoDb2/internal/product/repository.go:59.36,61.3 1 0
github.com/Lelo88/EjercicioGoDb2/internal/product/repository.go:63.16,65.3 1 0
github.com/Lelo88/EjercicioGoDb2/internal/product/service.go:21.39,23.2 1 0
github.com/Lelo88/EjercicioGoDb2/internal/product/service.go:25.59,27.16 2 0
github.com/Lelo88/EjercicioGoDb2/internal/product/service.go:30.2,30.15 1 0
github.com/Lelo88/EjercicioGoDb2/internal/product/service.go:27.16,29.3 1 0
github.com/Lelo88/EjercicioGoDb2/internal/product/service.go:33.68,35.16 2 0
github.com/Lelo88/EjercicioGoDb2/internal/product/service.go:38.2,38.15 1 0
github.com/Lelo88/EjercicioGoDb2/internal/product/service.go:35.16,37.3 1 0
github.com/Lelo88/EjercicioGoDb2/internal/product/service.go:40.76,42.16 2 0
github.com/Lelo88/EjercicioGoDb2/internal/product/service.go:45.2,45.18 1 0
github.com/Lelo88/EjercicioGoDb2/internal/product/service.go:48.2,48.23 1 0
github.com/Lelo88/EjercicioGoDb2/internal/product/service.go:51.2,51.24 1 0
github.com/Lelo88/EjercicioGoDb2/internal/product/service.go:54.2,54.20 1 0
github.com/Lelo88/EjercicioGoDb2/internal/product/service.go:57.2,57.17 1 0
github.com/Lelo88/EjercicioGoDb2/internal/product/service.go:60.2,61.16 2 0
github.com/Lelo88/EjercicioGoDb2/internal/product/service.go:64.2,64.15 1 0
github.com/Lelo88/EjercicioGoDb2/internal/product/service.go:42.16,44.3 1 0
github.com/Lelo88/EjercicioGoDb2/internal/product/service.go:45.18,47.3 1 0
github.com/Lelo88/EjercicioGoDb2/internal/product/service.go:48.23,50.3 1 0
github.com/Lelo88/EjercicioGoDb2/internal/product/service.go:51.24,53.3 1 0
github.com/Lelo88/EjercicioGoDb2/internal/product/service.go:54.20,56.3 1 0
github.com/Lelo88/EjercicioGoDb2/internal/product/service.go:57.17,59.3 1 0
github.com/Lelo88/EjercicioGoDb2/internal/product/service.go:61.16,63.3 1 0
github.com/Lelo88/EjercicioGoDb2/internal/product/service.go:67.40,69.16 2 0
github.com/Lelo88/EjercicioGoDb2/internal/product/service.go:72.2,72.12 1 0
github.com/Lelo88/EjercicioGoDb2/internal/product/service.go:69.16,71.3 1 0
github.com/Lelo88/EjercicioGoDb2/cmd/server/handler/productSQL.go:18.68,22.2 1 0
github.com/Lelo88/EjercicioGoDb2/cmd/server/handler/productSQL.go:24.58,25.30 1 0
github.com/Lelo88/EjercicioGoDb2/cmd/server/handler/productSQL.go:25.30,28.17 3 0
github.com/Lelo88/EjercicioGoDb2/cmd/server/handler/productSQL.go:32.3,33.17 2 0
github.com/Lelo88/EjercicioGoDb2/cmd/server/handler/productSQL.go:37.3,37.31 1 0
github.com/Lelo88/EjercicioGoDb2/cmd/server/handler/productSQL.go:28.17,31.4 2 0
github.com/Lelo88/EjercicioGoDb2/cmd/server/handler/productSQL.go:33.17,36.4 2 0
github.com/Lelo88/EjercicioGoDb2/cmd/server/handler/productSQL.go:41.57,42.32 1 0
github.com/Lelo88/EjercicioGoDb2/cmd/server/handler/productSQL.go:42.32,44.16 2 0
github.com/Lelo88/EjercicioGoDb2/cmd/server/handler/productSQL.go:48.3,48.44 1 0
github.com/Lelo88/EjercicioGoDb2/cmd/server/handler/productSQL.go:44.16,47.4 2 0
github.com/Lelo88/EjercicioGoDb2/cmd/server/handler/productSQL.go:52.54,53.32 1 0
github.com/Lelo88/EjercicioGoDb2/cmd/server/handler/productSQL.go:53.32,57.17 3 0
github.com/Lelo88/EjercicioGoDb2/cmd/server/handler/productSQL.go:62.3,63.17 2 0
github.com/Lelo88/EjercicioGoDb2/cmd/server/handler/productSQL.go:67.3,67.27 1 0
github.com/Lelo88/EjercicioGoDb2/cmd/server/handler/productSQL.go:57.17,60.4 2 0
github.com/Lelo88/EjercicioGoDb2/cmd/server/handler/productSQL.go:63.17,66.4 2 0
github.com/Lelo88/EjercicioGoDb2/cmd/server/handler/productSQL.go:71.54,72.32 1 0
github.com/Lelo88/EjercicioGoDb2/cmd/server/handler/productSQL.go:72.32,76.17 3 0
github.com/Lelo88/EjercicioGoDb2/cmd/server/handler/productSQL.go:81.3,82.17 2 0
github.com/Lelo88/EjercicioGoDb2/cmd/server/handler/productSQL.go:86.3,86.17 1 0
github.com/Lelo88/EjercicioGoDb2/cmd/server/handler/productSQL.go:90.3,92.17 3 0
github.com/Lelo88/EjercicioGoDb2/cmd/server/handler/productSQL.go:96.3,97.17 2 0
github.com/Lelo88/EjercicioGoDb2/cmd/server/handler/productSQL.go:101.3,102.33 2 0
github.com/Lelo88/EjercicioGoDb2/cmd/server/handler/productSQL.go:76.17,79.4 2 0
github.com/Lelo88/EjercicioGoDb2/cmd/server/handler/productSQL.go:82.17,85.4 2 0
github.com/Lelo88/EjercicioGoDb2/cmd/server/handler/productSQL.go:86.17,89.4 2 0
github.com/Lelo88/EjercicioGoDb2/cmd/server/handler/productSQL.go:92.17,95.4 2 0
github.com/Lelo88/EjercicioGoDb2/cmd/server/handler/productSQL.go:97.17,100.4 2 0
github.com/Lelo88/EjercicioGoDb2/cmd/server/handler/productSQL.go:106.56,107.32 1 0
github.com/Lelo88/EjercicioGoDb2/cmd/server/handler/productSQL.go:107.32,110.16 3 0
github.com/Lelo88/EjercicioGoDb2/cmd/server/handler/productSQL.go:115.3,116.16 2 0
github.com/Lelo88/EjercicioGoDb2/cmd/server/handler/productSQL.go:121.3,121.38 1 0
github.com/Lelo88/EjercicioGoDb2/cmd/server/handler/productSQL.go:110.16,113.4 2 0
github.com/Lelo88/EjercicioGoDb2/cmd/server/handler/productSQL.go:116.16,119.4 2 0
